<?xml version="1.0" encoding="UTF-8"?>
<!-- Generated by org.testng.reporters.JUnitReportReporter -->
<testsuite hostname="DESKTOP-6MP05UP" failures="0" tests="2" name="Tests.PagesTests" time="136.038" errors="0" timestamp="03 авг. 2020 11:39:21 GMT" skipped="0">
  <testcase classname="Tests.PagesTests" name="pagesTest" time="46.320"/>
  <testcase classname="Tests.PagesTests" name="manyPagesTest" time="89.718"/>
</testsuite> <!-- Tests.PagesTests -->
