<?xml version="1.0" encoding="UTF-8"?>
<!-- Generated by org.testng.reporters.JUnitReportReporter -->
<testsuite hostname="DESKTOP-6MP05UP" failures="0" tests="2" name="Tests.PagesTests" time="52.598" errors="0" timestamp="06 авг. 2020 18:14:07 GMT" skipped="1">
  <testcase classname="Tests.PagesTests" name="pagesTest" time="52.598"/>
  <testcase classname="Tests.PagesTests" name="manyPagesTest">
    <skipped/>
  </testcase> <!-- manyPagesTest -->
</testsuite> <!-- Tests.PagesTests -->
