<?xml version="1.0" encoding="UTF-8"?>
<!-- Generated by org.testng.reporters.JUnitReportReporter -->
<testsuite hostname="DESKTOP-6MP05UP" failures="0" tests="1" name="Tests.UserTests" time="46.488" errors="0" timestamp="05 авг. 2020 12:14:47 GMT" skipped="0">
  <testcase classname="Tests.UserTests" name="requestCreationAndApprovalTest" time="46.488"/>
</testsuite> <!-- Tests.UserTests -->
