<?xml version="1.0" encoding="UTF-8"?>
<!-- Generated by org.testng.reporters.JUnitReportReporter -->
<testsuite hostname="DESKTOP-6MP05UP" failures="0" tests="1" name="Tests.UserTests" time="27.521" errors="0" timestamp="03 авг. 2020 11:39:21 GMT" skipped="0">
  <testcase classname="Tests.UserTests" name="requestCreationAndApprovalTest" time="27.521"/>
</testsuite> <!-- Tests.UserTests -->
